2023-03-10 21:52:57,424	INFO services.py:1476 -- View the Ray dashboard at [1m[32mhttp://127.0.0.1:8271[39m[22m
Current Tab: lineitem
[[0, 10, 1, 4, 2, 8], [3], [5], [6], [7, 9], [11, 12, 13, 14], [15]]

  0%|          | 0/13 [00:00<?, ?it/s]
100%|██████████| 13/13 [00:00<00:00, 39227.30it/s]
46.220349454879766 [[0, 1, 2, 3, 4, 5, 6, 7, 8, 9, 10, 11, 12, 13, 14, 15]]
44.38517687797546 [[0], [1], [2], [3], [4], [5], [6], [7], [8], [9], [10], [11], [12], [13], [14], [15]]
32.74129742622376 [[0, 10, 1, 4, 2, 8], [3], [5], [6], [7, 9], [11, 12, 13, 14], [15]]
34.97498927116395 [[11, 12, 14], [1, 4, 13], [3], [15], [9, 7], [5], [8, 0, 2, 10, 6]]
{'lineitem': [10, '<=', 912441600.0]}
{'part': ['and', [[5, '=', 15], [4, '=', [1, 7, 8, 9, 11, 14, 15, 16, 18, 23, 24, 27, 29, 30, 31, 32, 35, 40, 46, 66, 70, 73, 86, 89, 106, 117, 135, 141, 143, 146]]]], 'supplier': [], 'partsupp': [], 'nation': [], 'region': [1, '=', 'EUROPE']}
{'customer': [6, '=', 4], 'orders': [4, '<', 795196800.0], 'lineitem': [10, '>', 795196800.0]}
{'orders': ['and', [[4, '>=', 741456000.0], [4, '<', 749404800.0]]], 'lineitem': []}
{'customer': [], 'orders': ['and', [[4, '>=', 757353600.0], [4, '<', 788889600.0]]], 'lineitem': [], 'supplier': [], 'nation': [], 'region': [1, '=', 'ASIA']}
{'lineitem': ['and', [[10, '>=', 757353600.0], [10, '<', 788889600.0], ['and', [[6, '>=', 0.049999999999999996], [6, '<=', 0.06999999999999999]]], [4, '<', 24]]]}
{'supplier': [], 'lineitem': ['and', [[10, '>=', 788889600.0], [10, '<=', 851961600.0]]], 'orders': [], 'customer': [], 'nation': ['or', [['and', [[1, '=', 'FRANCE'], [1, '=', 'GERMANY']]], ['and', [[1, '=', 'GERMANY'], [1, '=', 'FRANCE']]]]]}
{'customer': [], 'orders': ['and', [[4, '>=', 749404800.0], [4, '<', 760032000.0]]], 'lineitem': [8, '=', 1], 'nation': []}
{'partsupp': [], 'supplier': [], 'nation': [1, '=', 'GERMANY']}
{'orders': [], 'lineitem': ['and', [[14, '=', [2, 6]], [12, '>=', 757353600.0], [12, '<', 788889600.0]]]}
{}
{'lineitem': ['and', [[10, '>=', 809884800.0], [10, '<', 812476800.0]]], 'part': []}
{'partsupp': [], 'part': ['and', [[3, '!=', 14], [4, '!=', [19, 54, 61, 70, 83]], [5, '=', [49, 14, 23, 45, 19, 3, 36, 9]]]], 'supplier': []}
{'lineitem': [], 'part': ['and', [[3, '=', 23], [6, '=', 12]]]}
{'customer': [], 'orders': [], 'lineitem': []}
{'lineitem': ['or', [['and', [[4, '>=', 1], [4, '<=', 11], [14, '=', [4, -1]], [13, '=', 2]]], ['and', [[4, '>=', 10], [4, '<=', 20], [14, '=', [4, -1]], [13, '=', 2]]], ['and', [[4, '>=', 20], [4, '<=', 30], [14, '=', [4, -1]], [13, '=', 2]]]]], 'part': ['or', [['and', [[3, '=', 12], [6, '=', [17, 1, 23, 0]], ['and', [[5, '>=', 1], [5, '<=', 5]]]]], ['and', [[3, '=', 23], [6, '=', [25, 12, 28, 9]], ['and', [[5, '>=', 1], [5, '<=', 10]]]]], ['and', [[3, '=', 9], [6, '=', [27, 10, 21, 4]], ['and', [[5, '>=', 1], [5, '<=', 15]]]]]]]}
{'supplier': [], 'nation': [1, '=', 'CANADA'], 'partsupp': [], 'part': [], 'lineitem': []}
{'supplier': [], 'lineitem': [], 'orders': [2, '=', 2], 'nation': [1, '=', 'SAUDI ARABIA']}
Current Tab: lineitem
Ray Time(s) :2143.3451669216156
Tree Route Time(s) :2152.585186958313  VS 4154
qid: 0, latency: 2.64351470947265
qid: 1, latency: 3.879443664550766
qid: 2, latency: 3.0554910278320113
qid: 3, latency: 3.6734555053710944
qid: 4, latency: 3.6027710437774667
qid: 5, latency: 3.3301419067382976
qid: 6, latency: 3.432417869567871
qid: 7, latency: 4.082248506546039
qid: 8, latency: 2.848880710601812
qid: 9, latency: 3.0211596679687323
qid: 10, latency: 5.252698059081997
qid: 11, latency: 4.2218563842773635
qid: 12, latency: 3.124153747558599
qid: 13, latency: 0
0 46.16823280334471
qid: 0, latency: 3.5829058074951066
qid: 1, latency: 2.956376571655275
qid: 2, latency: 2.7465087890625006
qid: 3, latency: 3.227147827148448
qid: 4, latency: 4.5828497886657615
qid: 5, latency: 3.2378728103637675
qid: 6, latency: 1.734833574295044
qid: 7, latency: 8.393194408416715
qid: 8, latency: 1.4572897338867166
qid: 9, latency: 2.460414123535158
qid: 10, latency: 1.6364614868164153
qid: 11, latency: 8.65304363250732
qid: 12, latency: 3.593348999023418
qid: 13, latency: 0
1 48.26224755287165
qid: 0, latency: 2.80878089904785
qid: 1, latency: 2.8419387054443366
qid: 2, latency: 2.8037277221679653
qid: 3, latency: 3.2042602539062544
qid: 4, latency: 3.4505503177642822
qid: 5, latency: 2.0019438552856443
qid: 6, latency: 2.032309789657594
qid: 7, latency: 4.516773557662962
qid: 8, latency: 1.1598162460327217
qid: 9, latency: 1.933999938964841
qid: 10, latency: 1.9797750854492193
qid: 11, latency: 5.163433341979983
qid: 12, latency: 1.4190295410156275
qid: 13, latency: 0
2 35.31633925437928
Ray Time(s) :1492.7731099128723
Tree Route Time(s) :1506.0430278778076
qid: 0, latency: 3.4671095848083495
qid: 1, latency: 1.4588716888427753
qid: 2, latency: 2.4260827636718747
qid: 3, latency: 2.4947454833984386
qid: 4, latency: 0.0032398223876953128
qid: 5, latency: 0.693931694030762
qid: 6, latency: 0.5557214260101317
qid: 7, latency: 0.18501571655273438
qid: 8, latency: 0.07093999862670898
qid: 9, latency: 1.956887512207032
qid: 10, latency: 3.1699288940429717
qid: 11, latency: 0.14125890731811525
qid: 12, latency: 2.7693963623046884
qid: 13, latency: 0
3 19.393129854202282
